[debug] [2023-08-09T03:42:23.415Z] ----------------------------------------------------------------------
[debug] [2023-08-09T03:42:23.419Z] Command:       /Users/williamhalbert/.nvm/versions/node/v19.0.0/bin/node /Users/williamhalbert/.nvm/versions/node/v19.0.0/bin/firebase deploy --only hosting
[debug] [2023-08-09T03:42:23.420Z] CLI Version:   12.4.7
[debug] [2023-08-09T03:42:23.420Z] Platform:      darwin
[debug] [2023-08-09T03:42:23.421Z] Node Version:  v19.0.0
[debug] [2023-08-09T03:42:23.421Z] Time:          Tue Aug 08 2023 23:42:23 GMT-0400 (Eastern Daylight Time)
[debug] [2023-08-09T03:42:23.421Z] ----------------------------------------------------------------------
[debug] 
[debug] [2023-08-09T03:42:23.499Z] > command requires scopes: ["email","openid","https://www.googleapis.com/auth/cloudplatformprojects.readonly","https://www.googleapis.com/auth/firebase","https://www.googleapis.com/auth/cloud-platform"]
[debug] [2023-08-09T03:42:23.499Z] > authorizing via signed-in user (willhalbert16@gmail.com)
[debug] [2023-08-09T03:42:23.499Z] [iam] checking project audio-to-text-7ecf6 for permissions ["firebase.projects.get","firebasehosting.sites.update"]
[debug] [2023-08-09T03:42:23.501Z] > refreshing access token with scopes: []
[debug] [2023-08-09T03:42:23.503Z] >>> [apiv2][query] POST https://www.googleapis.com/oauth2/v3/token [none]
[debug] [2023-08-09T03:42:23.503Z] >>> [apiv2][body] POST https://www.googleapis.com/oauth2/v3/token [omitted]
[debug] [2023-08-09T03:42:23.803Z] <<< [apiv2][status] POST https://www.googleapis.com/oauth2/v3/token 200
[debug] [2023-08-09T03:42:23.804Z] <<< [apiv2][body] POST https://www.googleapis.com/oauth2/v3/token [omitted]
[debug] [2023-08-09T03:42:23.851Z] >>> [apiv2][query] POST https://cloudresourcemanager.googleapis.com/v1/projects/audio-to-text-7ecf6:testIamPermissions [none]
[debug] [2023-08-09T03:42:23.852Z] >>> [apiv2][(partial)header] POST https://cloudresourcemanager.googleapis.com/v1/projects/audio-to-text-7ecf6:testIamPermissions x-goog-quota-user=projects/audio-to-text-7ecf6
[debug] [2023-08-09T03:42:23.852Z] >>> [apiv2][body] POST https://cloudresourcemanager.googleapis.com/v1/projects/audio-to-text-7ecf6:testIamPermissions {"permissions":["firebase.projects.get","firebasehosting.sites.update"]}
[debug] [2023-08-09T03:42:24.242Z] <<< [apiv2][status] POST https://cloudresourcemanager.googleapis.com/v1/projects/audio-to-text-7ecf6:testIamPermissions 200
[debug] [2023-08-09T03:42:24.242Z] <<< [apiv2][body] POST https://cloudresourcemanager.googleapis.com/v1/projects/audio-to-text-7ecf6:testIamPermissions {"permissions":["firebase.projects.get","firebasehosting.sites.update"]}
[debug] [2023-08-09T03:42:24.243Z] >>> [apiv2][query] GET https://firebase.googleapis.com/v1beta1/projects/audio-to-text-7ecf6 [none]
[debug] [2023-08-09T03:42:24.825Z] <<< [apiv2][status] GET https://firebase.googleapis.com/v1beta1/projects/audio-to-text-7ecf6 200
[debug] [2023-08-09T03:42:24.825Z] <<< [apiv2][body] GET https://firebase.googleapis.com/v1beta1/projects/audio-to-text-7ecf6 {"projectId":"audio-to-text-7ecf6","projectNumber":"535371888435","displayName":"audio-to-text","name":"projects/audio-to-text-7ecf6","resources":{"hostingSite":"audio-to-text-7ecf6","realtimeDatabaseInstance":"audio-to-text-7ecf6-default-rtdb"},"state":"ACTIVE","etag":"1_ad871d7a-c45b-4550-b80a-1595c34e35bc"}
[info] 
[info] === Deploying to 'audio-to-text-7ecf6'...
[info] 
[info] i  deploying hosting 
[debug] [2023-08-09T03:42:24.831Z] >>> [apiv2][query] POST https://firebasehosting.googleapis.com/v1beta1/projects/-/sites/audio-to-text-7ecf6/versions [none]
[debug] [2023-08-09T03:42:24.831Z] >>> [apiv2][body] POST https://firebasehosting.googleapis.com/v1beta1/projects/-/sites/audio-to-text-7ecf6/versions {"status":"CREATED","labels":{"deployment-tool":"cli-firebase"}}
[debug] [2023-08-09T03:42:25.723Z] <<< [apiv2][status] POST https://firebasehosting.googleapis.com/v1beta1/projects/-/sites/audio-to-text-7ecf6/versions 200
[debug] [2023-08-09T03:42:25.723Z] <<< [apiv2][body] POST https://firebasehosting.googleapis.com/v1beta1/projects/-/sites/audio-to-text-7ecf6/versions {"name":"projects/535371888435/sites/audio-to-text-7ecf6/versions/762e5725c50192b0","status":"CREATED","config":{},"labels":{"deployment-tool":"cli-firebase"}}
[info] i  hosting[audio-to-text-7ecf6]: beginning deploy... 
[info] i  hosting[audio-to-text-7ecf6]: found 25 files in build 
[debug] [2023-08-09T03:42:25.743Z] [hosting] uploading with 200 concurrency
[debug] [2023-08-09T03:42:26.655Z] [hosting] hash cache [YnVpbGQ] stored for 25 files
[debug] [2023-08-09T03:42:26.655Z] [hosting][hash queue][FINAL] {"max":903,"min":16,"avg":85.48,"active":0,"complete":25,"success":25,"errored":0,"retried":0,"total":25,"elapsed":908}
[debug] [2023-08-09T03:42:26.655Z] >>> [apiv2][query] POST https://firebasehosting.googleapis.com/v1beta1/projects/535371888435/sites/audio-to-text-7ecf6/versions/762e5725c50192b0:populateFiles [none]
[debug] [2023-08-09T03:42:26.655Z] >>> [apiv2][body] POST https://firebasehosting.googleapis.com/v1beta1/projects/535371888435/sites/audio-to-text-7ecf6/versions/762e5725c50192b0:populateFiles {"files":{"/asset-manifest.json":"9b5fdca3b9a9022456ebf0ee38be33604630133ddf568e43fde42e69df255b53","/index.html":"b8a1995b0264000fd1fcbd7c39944e27d42c5c95fc98387c202d4cb24cc01aeb","/manifest.json":"b1f000e14960350b35917d1a3e365875380381bec7036e87106f67ed2f2fbaea","/robots.txt":"391d14b3c2f8c9143a27a28c7399585142228d4d1bdbe2c87ac946de411fa9a2","/favicon.ico":"6b49b0b715933ae518ccdfa3f9914757adf7cc3896f3c469b9768807aedb06ac","/logo512.png":"6b49b0b715933ae518ccdfa3f9914757adf7cc3896f3c469b9768807aedb06ac","/static/js/787.c4e7f8f9.chunk.js":"00472c8a0eb10a8baa603ad589da39ed090d05c41babd74b2f4891d87be6edf1","/logo192.png":"6b49b0b715933ae518ccdfa3f9914757adf7cc3896f3c469b9768807aedb06ac","/static/js/main.60a59d08.js.LICENSE.txt":"d35be9865effcbded357c06071fbf7da35af485e8fe2a9a178bea21ec05d7b52","/static/js/787.c4e7f8f9.chunk.js.map":"e2ac4b997b8c36b49057a2d1fc0d192c5b806760f1e92fd209c437f1ea28a132","/static/media/defaultProfile.f093d740e2a30f1ac315.png":"c849937cb07dca4b66409c29c7c6dfacd5c9a7f4ec988c7e416f92bd2cce9db0","/static/media/gpt.39e5609d1dad44d1d50f.png":"ceefb6594b9bba483325b196629d3c68a2260473f60e93ebbdca10d4f5de18b6","/static/media/logoWhite.82645cd39e442e9b6d33.png":"811a5f7546f22c81e28c7b28b32fb7c995130ce9d34061a1a6d28724df7c7161","/static/media/fontawesome-webfont.20fd1704ea223900efa9.woff2":"156e171dae6239bcd8304d42163d8b1e6bfd029759d46be88a4e446a51249ba2","/static/media/transcribe.ea0f4c496f1458a4430a.png":"667271ca957d520f93ee3848ecfd5cfb9bed394fc53104884019e4d77a570a06","/static/css/main.5887a56a.css":"1678bdb91fa454dae0bb92bd6ae5474e938be9c83a1fb19087e626004dedbb83","/static/media/fontawesome-webfont.f691f37e57f04c152e23.woff":"9cb84ef5f51a04cf0dd3a9aec98c43ad4d44df442b7454c6b448913e36fb0c43","/static/media/logo.b5d95c27197776408ff6.png":"e9851a03beebb4b1ab7502e19e448eecc12ece1fcfbd7623a350f7c2c98f396f","/static/media/fontawesome-webfont.8b43027f47b20503057d.eot":"9acdf34fe486fad3cfa8ef4aa925ebbe9e955c8a8d127bff4d427620b0eeb643","/static/media/fontawesome-webfont.1e59d2330b4c6deb84b3.ttf":"225dc03087123b26cb71296d418705ec2e89e826acd04bfe6fc6353a0f5220c8","/static/css/main.5887a56a.css.map":"2d9deffcd497d079493a0aa40300102d264ac3a5fac49ff34474959d04fbae80","/static/media/fontawesome-webfont.c1e38fd9e0e74ba58f7a.svg":"303fc405939cc4d296906102b8047b71a4ec14a7b51aa7a2abfaad416ec8fb3c","/static/js/main.60a59d08.js":"476e2393c557ebea28fae012a7c1a28559a6ed1a4b76784f327fa9a4059dd0cd","/static/media/demo.f5128b7d045b8cee91fc.mov":"cb4a693326ddcfe9784d88661c744bde5b719319b55841cef71dcb47c448baff","/static/js/main.60a59d08.js.map":"5d2b8cc960f433ae9d897baad3b9ed059124550d14b26dc8ecef2ec6cf5b49d7"}}
[debug] [2023-08-09T03:42:26.849Z] <<< [apiv2][status] POST https://firebasehosting.googleapis.com/v1beta1/projects/535371888435/sites/audio-to-text-7ecf6/versions/762e5725c50192b0:populateFiles 200
[debug] [2023-08-09T03:42:26.849Z] <<< [apiv2][body] POST https://firebasehosting.googleapis.com/v1beta1/projects/535371888435/sites/audio-to-text-7ecf6/versions/762e5725c50192b0:populateFiles {"uploadRequiredHashes":["5d2b8cc960f433ae9d897baad3b9ed059124550d14b26dc8ecef2ec6cf5b49d7","b8a1995b0264000fd1fcbd7c39944e27d42c5c95fc98387c202d4cb24cc01aeb","476e2393c557ebea28fae012a7c1a28559a6ed1a4b76784f327fa9a4059dd0cd","9b5fdca3b9a9022456ebf0ee38be33604630133ddf568e43fde42e69df255b53"],"uploadUrl":"https://upload-firebasehosting.googleapis.com/upload/sites/audio-to-text-7ecf6/versions/762e5725c50192b0/files"}
[debug] [2023-08-09T03:42:26.851Z] >>> [apiv2][query] POST https://upload-firebasehosting.googleapis.com/upload/sites/audio-to-text-7ecf6/versions/762e5725c50192b0/files/5d2b8cc960f433ae9d897baad3b9ed059124550d14b26dc8ecef2ec6cf5b49d7 [none]
[debug] [2023-08-09T03:42:26.851Z] >>> [apiv2][body] POST https://upload-firebasehosting.googleapis.com/upload/sites/audio-to-text-7ecf6/versions/762e5725c50192b0/files/5d2b8cc960f433ae9d897baad3b9ed059124550d14b26dc8ecef2ec6cf5b49d7 [stream]
[debug] [2023-08-09T03:42:26.854Z] >>> [apiv2][query] POST https://upload-firebasehosting.googleapis.com/upload/sites/audio-to-text-7ecf6/versions/762e5725c50192b0/files/b8a1995b0264000fd1fcbd7c39944e27d42c5c95fc98387c202d4cb24cc01aeb [none]
[debug] [2023-08-09T03:42:26.854Z] >>> [apiv2][body] POST https://upload-firebasehosting.googleapis.com/upload/sites/audio-to-text-7ecf6/versions/762e5725c50192b0/files/b8a1995b0264000fd1fcbd7c39944e27d42c5c95fc98387c202d4cb24cc01aeb [stream]
[debug] [2023-08-09T03:42:26.856Z] >>> [apiv2][query] POST https://upload-firebasehosting.googleapis.com/upload/sites/audio-to-text-7ecf6/versions/762e5725c50192b0/files/476e2393c557ebea28fae012a7c1a28559a6ed1a4b76784f327fa9a4059dd0cd [none]
[debug] [2023-08-09T03:42:26.856Z] >>> [apiv2][body] POST https://upload-firebasehosting.googleapis.com/upload/sites/audio-to-text-7ecf6/versions/762e5725c50192b0/files/476e2393c557ebea28fae012a7c1a28559a6ed1a4b76784f327fa9a4059dd0cd [stream]
[debug] [2023-08-09T03:42:26.858Z] >>> [apiv2][query] POST https://upload-firebasehosting.googleapis.com/upload/sites/audio-to-text-7ecf6/versions/762e5725c50192b0/files/9b5fdca3b9a9022456ebf0ee38be33604630133ddf568e43fde42e69df255b53 [none]
[debug] [2023-08-09T03:42:26.858Z] >>> [apiv2][body] POST https://upload-firebasehosting.googleapis.com/upload/sites/audio-to-text-7ecf6/versions/762e5725c50192b0/files/9b5fdca3b9a9022456ebf0ee38be33604630133ddf568e43fde42e69df255b53 [stream]
[debug] [2023-08-09T03:42:26.861Z] [hosting][populate queue][FINAL] {"max":197,"min":197,"avg":197,"active":0,"complete":1,"success":1,"errored":0,"retried":0,"total":1,"elapsed":207}
[debug] [2023-08-09T03:42:26.861Z] [hosting] uploads queued: 4
[debug] [2023-08-09T03:42:27.670Z] <<< [apiv2][status] POST https://upload-firebasehosting.googleapis.com/upload/sites/audio-to-text-7ecf6/versions/762e5725c50192b0/files/9b5fdca3b9a9022456ebf0ee38be33604630133ddf568e43fde42e69df255b53 200
[debug] [2023-08-09T03:42:27.670Z] <<< [apiv2][body] POST https://upload-firebasehosting.googleapis.com/upload/sites/audio-to-text-7ecf6/versions/762e5725c50192b0/files/9b5fdca3b9a9022456ebf0ee38be33604630133ddf568e43fde42e69df255b53 [stream]
[debug] [2023-08-09T03:42:27.678Z] <<< [apiv2][status] POST https://upload-firebasehosting.googleapis.com/upload/sites/audio-to-text-7ecf6/versions/762e5725c50192b0/files/b8a1995b0264000fd1fcbd7c39944e27d42c5c95fc98387c202d4cb24cc01aeb 200
[debug] [2023-08-09T03:42:27.678Z] <<< [apiv2][body] POST https://upload-firebasehosting.googleapis.com/upload/sites/audio-to-text-7ecf6/versions/762e5725c50192b0/files/b8a1995b0264000fd1fcbd7c39944e27d42c5c95fc98387c202d4cb24cc01aeb [stream]
[debug] [2023-08-09T03:42:28.048Z] <<< [apiv2][status] POST https://upload-firebasehosting.googleapis.com/upload/sites/audio-to-text-7ecf6/versions/762e5725c50192b0/files/476e2393c557ebea28fae012a7c1a28559a6ed1a4b76784f327fa9a4059dd0cd 200
[debug] [2023-08-09T03:42:28.048Z] <<< [apiv2][body] POST https://upload-firebasehosting.googleapis.com/upload/sites/audio-to-text-7ecf6/versions/762e5725c50192b0/files/476e2393c557ebea28fae012a7c1a28559a6ed1a4b76784f327fa9a4059dd0cd [stream]
